<?xml version="1.0" encoding="UTF-8"?>
<!-- Generated by org.testng.reporters.JUnitXMLReporter -->
<testsuite ignored="0" hostname="DESKTOP-KATUMN4" failures="0" tests="3" name="Default test" time="0.054" errors="0" timestamp="09 Aug 2021 01:18:09 GMT">
  <testcase classname="testngsessions.TestNGBasics" name="addToCartpageTest" time="0.006"/>
  <testcase classname="testngsessions.TestNGBasics" name="homePageTest" time="0.002"/>
  <testcase classname="testngsessions.TestNGBasics" name="paymentPageTest" time="0.001"/>
</testsuite> <!-- Default test -->
