<?xml version="1.0" encoding="UTF-8"?>
<testng-results ignored="0" total="3" passed="3" failed="0" skipped="0">
  <reporter-output>
  </reporter-output>
  <suite started-at="2021-08-09T01:18:09Z" name="Default suite" finished-at="2021-08-09T01:18:09Z" duration-ms="54">
    <groups>
    </groups>
    <test started-at="2021-08-09T01:18:09Z" name="Default test" finished-at="2021-08-09T01:18:09Z" duration-ms="54">
      <class name="testngsessions.TestNGBasics">
        <test-method is-config="true" signature="DBConnection()[pri:0, instance:testngsessions.TestNGBasics@548e6d58]" started-at="2021-08-09T01:18:09Z" name="DBConnection" finished-at="2021-08-09T01:18:09Z" duration-ms="16" status="PASS">
          <reporter-output>
          </reporter-output>
        </test-method> <!-- DBConnection -->
        <test-method is-config="true" signature="createUser()[pri:0, instance:testngsessions.TestNGBasics@548e6d58]" started-at="2021-08-09T01:18:09Z" name="createUser" finished-at="2021-08-09T01:18:09Z" duration-ms="0" status="PASS">
          <reporter-output>
          </reporter-output>
        </test-method> <!-- createUser -->
        <test-method is-config="true" signature="launchBrowser()[pri:0, instance:testngsessions.TestNGBasics@548e6d58]" started-at="2021-08-09T01:18:09Z" name="launchBrowser" finished-at="2021-08-09T01:18:09Z" duration-ms="0" status="PASS">
          <reporter-output>
          </reporter-output>
        </test-method> <!-- launchBrowser -->
        <test-method is-config="true" signature="login()[pri:0, instance:testngsessions.TestNGBasics@548e6d58]" started-at="2021-08-09T01:18:09Z" name="login" finished-at="2021-08-09T01:18:09Z" duration-ms="1" status="PASS">
          <reporter-output>
          </reporter-output>
        </test-method> <!-- login -->
        <test-method signature="addToCartpageTest()[pri:0, instance:testngsessions.TestNGBasics@548e6d58]" started-at="2021-08-09T01:18:09Z" name="addToCartpageTest" finished-at="2021-08-09T01:18:09Z" duration-ms="6" status="PASS">
          <reporter-output>
          </reporter-output>
        </test-method> <!-- addToCartpageTest -->
        <test-method is-config="true" signature="login()[pri:0, instance:testngsessions.TestNGBasics@548e6d58]" started-at="2021-08-09T01:18:09Z" name="login" finished-at="2021-08-09T01:18:09Z" duration-ms="1" status="PASS">
          <reporter-output>
          </reporter-output>
        </test-method> <!-- login -->
        <test-method is-config="true" signature="logout()[pri:0, instance:testngsessions.TestNGBasics@548e6d58]" started-at="2021-08-09T01:18:09Z" name="logout" finished-at="2021-08-09T01:18:09Z" duration-ms="0" status="PASS">
          <reporter-output>
          </reporter-output>
        </test-method> <!-- logout -->
        <test-method signature="homePageTest()[pri:0, instance:testngsessions.TestNGBasics@548e6d58]" started-at="2021-08-09T01:18:09Z" name="homePageTest" finished-at="2021-08-09T01:18:09Z" duration-ms="2" status="PASS">
          <reporter-output>
          </reporter-output>
        </test-method> <!-- homePageTest -->
        <test-method is-config="true" signature="logout()[pri:0, instance:testngsessions.TestNGBasics@548e6d58]" started-at="2021-08-09T01:18:09Z" name="logout" finished-at="2021-08-09T01:18:09Z" duration-ms="0" status="PASS">
          <reporter-output>
          </reporter-output>
        </test-method> <!-- logout -->
        <test-method signature="paymentPageTest()[pri:0, instance:testngsessions.TestNGBasics@548e6d58]" started-at="2021-08-09T01:18:09Z" name="paymentPageTest" finished-at="2021-08-09T01:18:09Z" duration-ms="1" status="PASS">
          <reporter-output>
          </reporter-output>
        </test-method> <!-- paymentPageTest -->
        <test-method is-config="true" signature="login()[pri:0, instance:testngsessions.TestNGBasics@548e6d58]" started-at="2021-08-09T01:18:09Z" name="login" finished-at="2021-08-09T01:18:09Z" duration-ms="0" status="PASS">
          <reporter-output>
          </reporter-output>
        </test-method> <!-- login -->
        <test-method is-config="true" signature="logout()[pri:0, instance:testngsessions.TestNGBasics@548e6d58]" started-at="2021-08-09T01:18:09Z" name="logout" finished-at="2021-08-09T01:18:09Z" duration-ms="0" status="PASS">
          <reporter-output>
          </reporter-output>
        </test-method> <!-- logout -->
        <test-method is-config="true" signature="closeBrowser()[pri:0, instance:testngsessions.TestNGBasics@548e6d58]" started-at="2021-08-09T01:18:09Z" name="closeBrowser" finished-at="2021-08-09T01:18:09Z" duration-ms="0" status="PASS">
          <reporter-output>
          </reporter-output>
        </test-method> <!-- closeBrowser -->
        <test-method is-config="true" signature="deleteUser()[pri:0, instance:testngsessions.TestNGBasics@548e6d58]" started-at="2021-08-09T01:18:09Z" name="deleteUser" finished-at="2021-08-09T01:18:09Z" duration-ms="1" status="PASS">
          <reporter-output>
          </reporter-output>
        </test-method> <!-- deleteUser -->
        <test-method is-config="true" signature="disconnectDB()[pri:0, instance:testngsessions.TestNGBasics@548e6d58]" started-at="2021-08-09T01:18:09Z" name="disconnectDB" finished-at="2021-08-09T01:18:09Z" duration-ms="1" status="PASS">
          <reporter-output>
          </reporter-output>
        </test-method> <!-- disconnectDB -->
      </class> <!-- testngsessions.TestNGBasics -->
    </test> <!-- Default test -->
  </suite> <!-- Default suite -->
</testng-results>
